app/build/intermediates/manifest_merge_blame_file/debug/manifest-merger-blame-debug-report.txt
1<?xml version="1.0" encoding="utf-8"?>
2<manifest xmlns:android="http://schemas.android.com/apk/res/android"
3    package="com.raywenderlich.facespotter"
4    android:versionCode="1"
5    android:versionName="1.0" >
6
7    <uses-sdk
8        android:minSdkVersion="21"
8-->src\main\AndroidManifest.xml
9        android:targetSdkVersion="28" />
9-->src\main\AndroidManifest.xml
10
11    <uses-feature android:name="android.hardware.camera" />
11-->src\main\AndroidManifest.xml:5:5-60
11-->src\main\AndroidManifest.xml:5:19-57
12    <uses-feature
12-->src\main\AndroidManifest.xml:6:5-7:35
13        android:glEsVersion="0x00020000"
13-->src\main\AndroidManifest.xml:6:19-51
14        android:required="true" />
14-->src\main\AndroidManifest.xml:7:9-32
15
16    <uses-permission android:name="android.permission.CAMERA" />
16-->src\main\AndroidManifest.xml:9:5-65
16-->src\main\AndroidManifest.xml:9:22-62
17
18    <application
18-->src\main\AndroidManifest.xml:11:5-24:19
19        android:allowBackup="true"
19-->src\main\AndroidManifest.xml:12:9-35
20        android:appComponentFactory="androidx.core.app.CoreComponentFactory"
20-->[androidx.core:core:1.1.0] AndroidManifest.xml:24:18-86
21        android:debuggable="true"
22        android:icon="@mipmap/ic_launcher"
22-->src\main\AndroidManifest.xml:13:9-43
23        android:label="@string/app_name"
23-->src\main\AndroidManifest.xml:14:9-41
24        android:supportsRtl="true"
24-->src\main\AndroidManifest.xml:15:9-35
25        android:testOnly="true"
26        android:theme="@style/AppTheme" >
26-->src\main\AndroidManifest.xml:16:9-40
27        <activity android:name="com.moanes.facefilter.FaceActivity" >
27-->src\main\AndroidManifest.xml:17:9-23:20
27-->src\main\AndroidManifest.xml:17:19-47
28            <intent-filter>
28-->src\main\AndroidManifest.xml:18:13-22:29
29                <action android:name="android.intent.action.MAIN" />
29-->src\main\AndroidManifest.xml:19:17-68
29-->src\main\AndroidManifest.xml:19:25-66
30
31                <category android:name="android.intent.category.LAUNCHER" />
31-->src\main\AndroidManifest.xml:21:17-76
31-->src\main\AndroidManifest.xml:21:27-74
32            </intent-filter>
33        </activity>
34        <activity
34-->[com.google.android.gms:play-services-base:17.0.0] AndroidManifest.xml:23:9-26:75
35            android:name="com.google.android.gms.common.api.GoogleApiActivity"
35-->[com.google.android.gms:play-services-base:17.0.0] AndroidManifest.xml:24:13-79
36            android:exported="false"
36-->[com.google.android.gms:play-services-base:17.0.0] AndroidManifest.xml:25:13-37
37            android:theme="@android:style/Theme.Translucent.NoTitleBar" />
37-->[com.google.android.gms:play-services-base:17.0.0] AndroidManifest.xml:26:13-72
38
39        <meta-data
39-->[com.google.android.gms:play-services-basement:17.0.0] AndroidManifest.xml:23:9-25:69
40            android:name="com.google.android.gms.version"
40-->[com.google.android.gms:play-services-basement:17.0.0] AndroidManifest.xml:24:13-58
41            android:value="@integer/google_play_services_version" />
41-->[com.google.android.gms:play-services-basement:17.0.0] AndroidManifest.xml:25:13-66
42    </application>
43
44</manifest>